Arguments: 
  /usr/local/bin/node /usr/local/bin/yarnpkg install --offline

PATH: 
  /usr/local/bin:/System/Cryptexes/App/usr/bin:/usr/bin:/bin:/usr/sbin:/sbin:/Library/Apple/usr/bin:/Applications/Postgres.app/Contents/Versions/latest/bin:/Users/basil/.rvm/bin:/Users/basil/.rvm/bin

Yarn version: 
  1.22.19

Node version: 
  16.16.0

Platform: 
  darwin x64

Trace: 
  Invariant Violation: There should only be one folder in a package cache (got  in /Users/basil/Library/Caches/Yarn/v6/npm-@jest-expect-utils-28.1.3-58561ce5db7cd253a7edddbc051fb39dda50f525-integrity/node_modules/@jest)
      at invariant (/usr/local/lib/node_modules/yarn/lib/cli.js:2318:15)
      at /usr/local/lib/node_modules/yarn/lib/cli.js:59851:11
      at Generator.next (<anonymous>)
      at step (/usr/local/lib/node_modules/yarn/lib/cli.js:310:30)
      at /usr/local/lib/node_modules/yarn/lib/cli.js:321:13

npm manifest: 
  {
    "name": "travel",
    "version": "1.0.0",
    "main": "node_modules/expo/AppEntry.js",
    "scripts": {
      "start": "expo start",
      "android": "expo start --android",
      "ios": "expo start --ios",
      "web": "expo start --web"
    },
    "dependencies": {
      "expo": "~47.0.12",
      "expo-status-bar": "~1.4.2",
      "react": "18.1.0",
      "react-native": "0.70.5"
    },
    "devDependencies": {
      "@babel/core": "^7.12.9"
    },
    "private": true
  }

yarn manifest: 
  No manifest

Lockfile: 
  No lockfile
